<?xml version="1.0" encoding="UTF-8"?>
<!-- Generated by org.testng.reporters.JUnitReportReporter -->
<testsuite hostname="Lenovo-PC" failures="0" tests="1" name="Groupexecution.Test2" time="0.017" errors="0" timestamp="2023-08-18T09:03:46 IST" skipped="0">
  <testcase classname="Groupexecution.Test2" name="demo2" time="0.017"/>
</testsuite> <!-- Groupexecution.Test2 -->
