<?xml version="1.0" encoding="UTF-8"?>
<!-- Generated by org.testng.reporters.JUnitReportReporter -->
<testsuite hostname="Lenovo-PC" failures="0" tests="2" name="BatchExecution.Test1" time="0.028" errors="0" timestamp="2023-08-10T08:49:17 IST" skipped="0">
  <testcase classname="BatchExecution.Test1" name="demo2" time="0.006"/>
  <testcase classname="BatchExecution.Test1" name="demo1" time="0.022"/>
</testsuite> <!-- BatchExecution.Test1 -->
