<?xml version="1.0" encoding="UTF-8"?>
<!-- Generated by org.testng.reporters.JUnitReportReporter -->
<testsuite hostname="Lenovo-PC" failures="0" tests="1" name="assertions.WhyNotIfElse" time="0.057" errors="0" timestamp="2023-08-16T09:02:05 IST" skipped="0">
  <testcase classname="assertions.WhyNotIfElse" name="Demo" time="0.057"/>
</testsuite> <!-- assertions.WhyNotIfElse -->
