<?xml version="1.0" encoding="UTF-8"?>
<!-- Generated by org.testng.reporters.JUnitReportReporter -->
<testsuite hostname="Lenovo-PC" failures="0" tests="1" name="seleniumgrid.Practicetest" time="37.065" errors="0" timestamp="2023-08-15T09:39:47 IST" skipped="0">
  <testcase classname="seleniumgrid.Practicetest" name="googleTest" time="37.065"/>
</testsuite> <!-- seleniumgrid.Practicetest -->
