<?xml version="1.0" encoding="UTF-8"?>
<!-- Generated by org.testng.reporters.JUnitReportReporter -->
<testsuite hostname="Lenovo-PC" failures="0" tests="2" name="Groupexecution.Test1" time="0.004" errors="0" timestamp="2023-08-18T09:03:46 IST" skipped="0">
  <testcase classname="Groupexecution.Test1" name="demo2" time="0.002"/>
  <testcase classname="Groupexecution.Test1" name="demo3" time="0.002"/>
</testsuite> <!-- Groupexecution.Test1 -->
