<?xml version="1.0" encoding="UTF-8"?>
<!-- Generated by org.testng.reporters.JUnitReportReporter -->
<testsuite hostname="Lenovo-PC" failures="0" tests="2" name="BatchExecution.Test5" time="0.050" errors="0" timestamp="2023-08-10T08:49:17 IST" skipped="0">
  <testcase classname="BatchExecution.Test5" name="demo1" time="0.010"/>
  <testcase classname="BatchExecution.Test5" name="demo2" time="0.040"/>
</testsuite> <!-- BatchExecution.Test5 -->
