<?xml version="1.0" encoding="UTF-8"?>
<!-- Generated by org.testng.reporters.JUnitReportReporter -->
<testsuite hostname="Lenovo-PC" failures="0" tests="1" name="Testng.SampleTest" time="0.035" errors="0" timestamp="2023-08-08T08:58:29 IST" skipped="0">
  <testcase classname="Testng.SampleTest" name="demo" time="0.035">
    <system-out>
      <![CDATA[Hello world]]>
    </system-out>
  </testcase> <!-- demo -->
  <system-out>
    <![CDATA[Hello world]]>
  </system-out>
</testsuite> <!-- Testng.SampleTest -->
