<?xml version="1.0" encoding="UTF-8"?>
<!-- Generated by org.testng.reporters.JUnitReportReporter -->
<testsuite hostname="Lenovo-PC" failures="0" tests="2" name="BatchExecution.Test4" time="0.019" errors="0" timestamp="2023-08-10T08:49:17 IST" skipped="0">
  <testcase classname="BatchExecution.Test4" name="demo2" time="0.012"/>
  <testcase classname="BatchExecution.Test4" name="demo1" time="0.007"/>
</testsuite> <!-- BatchExecution.Test4 -->
