<?xml version="1.0" encoding="UTF-8"?>
<!-- Generated by org.testng.reporters.JUnitReportReporter -->
<testsuite hostname="Lenovo-PC" failures="0" tests="2" name="Groupexecution.Test3" time="0.006" errors="0" timestamp="2023-08-18T09:03:46 IST" skipped="0">
  <testcase classname="Groupexecution.Test3" name="demo2" time="0.003"/>
  <testcase classname="Groupexecution.Test3" name="demo3" time="0.003"/>
</testsuite> <!-- Groupexecution.Test3 -->
