<?xml version="1.0" encoding="UTF-8"?>
<!-- Generated by org.testng.reporters.JUnitReportReporter -->
<testsuite hostname="Lenovo-PC" failures="0" tests="2" name="BatchExecution.Test6" time="0.087" errors="0" timestamp="2023-08-10T08:49:16 IST" skipped="0">
  <testcase classname="BatchExecution.Test6" name="demo2" time="0.026"/>
  <testcase classname="BatchExecution.Test6" name="demo1" time="0.061"/>
</testsuite> <!-- BatchExecution.Test6 -->
